# workflow log (compatible with Python configparser)

[workflow]
host: offline-fe1
platform: Linux-4.18.0-553.58.1.el8_10.x86_64-x86_64-with-glibc2.28
cwd: /gpfs/offline1/visitors/micromax/20251850/20260513/dzabelsk/TR_CAN_comb/laser2
prog: /sw/pkg/presto/e/14.1/software/CCP4/9.0.011-foss-2023a-SHELX-ARP-8.0/ccp4-9/lib/python3.9/site-packages/dimple/__main__.py
args:
 can-laser26.mtz
 /data/visitors/micromax/20240701/20241015/dzabelsk/ech_prefin.pdb
 dimple_processing
 --hklout=can-laser26_dimple.mtz
 --xyzout=can-laser26_dimple.pdb
output_dir: dimple_processing
CCP4: /sw/pkg/presto/e/14.1/software/CCP4/9.0.011-foss-2023a-SHELX-ARP-8.0/ccp4-9
CCP4_SCR: /tmp
version: 2.6.2
#      ### Dimple v2.6.2. Problems and suggestions: ccp4.github.io/dimple ###
# 
# MTZ (1.9A)            P 3 2 1      (83.28, 83.28, 90.18,  90, 90, 120.00)
# 8007944a8271a45579405724ce46889a /data/visitors/micromax/20240701/20241015/dzabelsk/ech_prefin.pdb
data_file: ../can-laser26.mtz
pdb_files: ["/data/visitors/micromax/20240701/20241015/dzabelsk/ech_prefin.pdb"]
# 
# ech_prefin.pdb        P 32 2 1     (83.50, 83.50, 90.26,  90, 90, 120.00)

[rwcontents]
start_time: 2026-06-01 13:04:33
input: end
prog: /sw/pkg/presto/e/14.1/software/CCP4/9.0.011-foss-2023a-SHELX-ARP-8.0/ccp4-9/bin/rwcontents
args: XYZIN ini.pdb
end_time: 2026-06-01 13:04:33
info: 6 x 35kDa (+ 3kDa het) in 545nm3, 53% solvent
stdout: 01-rwcontents.log
aa_count: 324
water_count: 186.48
volume: 545003.562
weight: 34881.77
total_weight: 38241.266
Vm: 2.6
solvent_percent: 52.69230769230769
num_mol: 6

[pointless]
start_time: 2026-06-01 13:04:33
input: TOLERANCE 5
  end
prog: /sw/pkg/presto/e/14.1/software/CCP4/9.0.011-foss-2023a-SHELX-ARP-8.0/ccp4-9/bin/pointless
args: HKLIN ../can-laser26.mtz HKLOUT reindexed.mtz XYZIN ini.pdb
end_time: 2026-06-01 13:04:35
info: resol. 1.85 A   #refl: 31364
stdout: 02-pointless.log
resol: 1.85
refl_ref: 31536
alt_reindex: [{"op": "[-h,-k,l]", "cc": 0.835, "cell_deviat": 0.19}, {"op": "[h,k,l]", "cc": 0.055, "cell_deviat": 0.19}]
output_cell: (83.28, 83.28, 90.18, 90.0, 90.0, 120.0)
refl_out: 31364
# 
#     [-h,-k,l]  CC: 0.835    cell diff: 0.2A
# 
#     [h,k,l]    CC: 0.055    cell diff: 0.2A
# 
# reindexed MTZ         P 32 2 1     (83.28, 83.28, 90.18,  90, 90, 120.00)

[truncate]
start_time: 2026-06-01 13:04:35
input: labin IMEAN=I SIGIMEAN=SIGI
  labout F=F SIGF=SIGF
  NOHARVEST
  end
prog: /sw/pkg/presto/e/14.1/software/CCP4/9.0.011-foss-2023a-SHELX-ARP-8.0/ccp4-9/bin/truncate
args: HKLIN reindexed.mtz HKLOUT amplit.mtz
end_time: 2026-06-01 13:04:35
info: B=34.9
stdout: 03-truncate.log
B-factor: 34.922
# 
# Rigid-body refinement with resolution 3.5 A, 10 cycles.
#  0.6 waters/aa.

[refmac5 rigid]
start_time: 2026-06-01 13:04:35
input: labin FP=F SIGFP=SIGF
  refinement type rigidbody resolution 15 3.5
  rigidbody ncycle 10
  end
prog: /sw/pkg/presto/e/14.1/software/CCP4/9.0.011-foss-2023a-SHELX-ARP-8.0/ccp4-9/bin/refmac5
args: HKLIN amplit.mtz HKLOUT refmacRB.mtz XYZIN ini.pdb XYZOUT refmacRB.pdb
end_time: 2026-06-01 13:04:42
info: 10/10   R  0.1665  ->  0.1637
stdout: 04-refmac5_rigid.log
ncyc: 10
cycle: 10
iter_overall_r: [0.1665, 0.1642, 0.1636, 0.1635, 0.1635, 0.1636, 0.1636, 0.1637, 0.1637, 0.1637, 0.1637]
overall_r: 0.1637
ini_overall_r: 0.1665
# 
# No MR for R < 0.4.
# 
# Generate free-R flags
#  (repeatably)

[unique]
start_time: 2026-06-01 13:04:42
input: cell 83.5 83.5 90.26 90 90 120
  symmetry 'P 3 2 1'
  resolution 1.000
  labout F=F_UNIQUE SIGF=SIGF_UNIQUE
  end
prog: /sw/pkg/presto/e/14.1/software/CCP4/9.0.011-foss-2023a-SHELX-ARP-8.0/ccp4-9/bin/unique
args: HKLOUT unique.mtz
end_time: 2026-06-01 13:04:42
stdout: 05-unique.log

[freerflag]
start_time: 2026-06-01 13:04:42
input: end
prog: /sw/pkg/presto/e/14.1/software/CCP4/9.0.011-foss-2023a-SHELX-ARP-8.0/ccp4-9/bin/freerflag
args: HKLIN unique.mtz HKLOUT free.mtz
end_time: 2026-06-01 13:04:43
stdout: 06-freerflag.log

[cad]
start_time: 2026-06-01 13:04:43
input: labin file 1 E1=I E2=SIGI E3=F E4=SIGF
  labin file 2 E1=FreeR_flag
  sysab_keep
  reso overall 1000.0 1.84949
  end
prog: /sw/pkg/presto/e/14.1/software/CCP4/9.0.011-foss-2023a-SHELX-ARP-8.0/ccp4-9/bin/cad
args: HKLIN1 amplit.mtz HKLIN2 free.mtz HKLOUT prepared.mtz
end_time: 2026-06-01 13:04:43
info: #refl  31392 -> 31392
stdout: 07-cad.log
refl_in1: 31392
refl_out: 31392
# 
# Restrained refinement, 4+8 cycles.

[refmac5 jelly]
start_time: 2026-06-01 13:04:43
input: labin FP=F SIGFP=SIGF FREE=FreeR_flag
  make newligand continue
  refinement type restrained
  weight auto
  ridge distance sigma 0.01
  make hydrogen no
  ncycle 4
  end
prog: /sw/pkg/presto/e/14.1/software/CCP4/9.0.011-foss-2023a-SHELX-ARP-8.0/ccp4-9/bin/refmac5
args: HKLIN prepared.mtz HKLOUT jelly.mtz XYZIN refmacRB.pdb XYZOUT jelly.pdb
end_time: 2026-06-01 13:05:04
info:  4/4   R/Rfree  0.1945/0.1972  ->  0.1699/0.1912
stdout: 08-refmac5_jelly.log
ncyc: 4
cycle: 4
iter_overall_r: [0.1945, 0.1789, 0.1734, 0.1712, 0.1699]
overall_r: 0.1699
ini_overall_r: 0.1945
free_r: 0.1912
ini_free_r: 0.1972
iter_free_r: [0.1972, 0.1901, 0.19, 0.1907, 0.1912]
rmsBOND: [0.0156, 0.0112, 0.0108, 0.0106, 0.0105]
rmsANGL: [1.715, 1.721, 1.746, 1.754, 1.763]
rmsCHIRAL: [0.083, 0.094, 0.102, 0.106, 0.11]
# 
#     RMS:   bond 0.016 -> 0.011   angle 1.72 -> 1.76   chiral 0.08 -> 0.11

[refmac5 restr]
start_time: 2026-06-01 13:05:04
input: labin FP=F SIGFP=SIGF FREE=FreeR_flag
  make newligand continue
  refinement type restrained
  weight auto
  ncycle 8
  end
prog: /sw/pkg/presto/e/14.1/software/CCP4/9.0.011-foss-2023a-SHELX-ARP-8.0/ccp4-9/bin/refmac5
args: HKLIN prepared.mtz HKLOUT can-laser26_dimple.mtz XYZIN jelly.pdb XYZOUT can-laser26_dimple.pdb
end_time: 2026-06-01 13:05:41
info:  8/8   R/Rfree  0.1646/0.1866  ->  0.1582/0.1961
stdout: 09-refmac5_restr.log
ncyc: 8
cycle: 8
iter_overall_r: [0.1646, 0.1608, 0.159, 0.1583, 0.158, 0.1578, 0.1586, 0.1584, 0.1582]
overall_r: 0.1582
ini_overall_r: 0.1646
free_r: 0.1961
ini_free_r: 0.1866
iter_free_r: [0.1866, 0.1871, 0.1888, 0.1901, 0.1917, 0.1925, 0.1941, 0.1948, 0.1961]
rmsBOND: [0.0105, 0.009, 0.009, 0.0089, 0.0087, 0.0087, 0.0086, 0.0085, 0.0085]
rmsANGL: [1.764, 1.662, 1.674, 1.691, 1.703, 1.711, 1.715, 1.718, 1.72]
rmsCHIRAL: [0.11, 0.095, 0.094, 0.093, 0.092, 0.092, 0.091, 0.091, 0.091]
# 
#     RMS:   bond 0.011 -> 0.009   angle 1.76 -> 1.72   chiral 0.11 -> 0.09

[find-blobs]
start_time: 2026-06-01 13:05:41
prog: /sw/pkg/presto/e/14.1/software/CCP4/9.0.011-foss-2023a-SHELX-ARP-8.0/ccp4-9/bin/find-blobs
args: -c -s0.8 can-laser26_dimple.mtz can-laser26_dimple.pdb
end_time: 2026-06-01 13:05:41
info: searching with cut-off: 0.189 e/A^3 (0.8 sigma)
stdout: 10-find-blobs.log
blobs: []
scores: []
density_info: Density std.dev: 0.236, cut-off: 0.189 e/A^3 (0.8 sigma)
center: (-22.06, 7.641, 1.02)
# 
# Unmodelled blobs not found.
# 
# To see it in Coot run /gpfs/offline1/visitors/micromax/20251850/20260513/dzabelsk/TR_CAN_comb/laser2/dimple_processing/coot.sh
# 
