
     ### Dimple v2.6.2. Problems and suggestions: ccp4.github.io/dimple ###
MTZ (1.9A)            P 3 2 1      (83.28, 83.28, 90.18,  90, 90, 120.00)
ech_prefin.pdb        P 32 2 1     (83.50, 83.50, 90.26,  90, 90, 120.00)
  1 rwcontents       0.1s  6 x 35kDa (+ 3kDa het) in 545nm3, 53% solvent
  2 pointless        1.6s  resol. 1.85 A   #refl: 31364
    [-h,-k,l]  CC: 0.835    cell diff: 0.2A
    [h,k,l]    CC: 0.055    cell diff: 0.2A
reindexed MTZ         P 32 2 1     (83.28, 83.28, 90.18,  90, 90, 120.00)
  3 truncate         0.3s  B=34.9
Rigid-body refinement with resolution 3.5 A, 10 cycles. 0.6 waters/aa.
  4 refmac5 rigid    6.5s  10/10   R  0.1665  ->  0.1637
No MR for R < 0.4.
Generate free-R flags (repeatably)
  5 unique           0.3s  
  6 freerflag        0.9s  
  7 cad              0.5s  #refl  31392 -> 31392
Restrained refinement, 4+8 cycles.
  8 refmac5 jelly   20.8s   4/4   R/Rfree  0.1945/0.1972  ->  0.1699/0.1912
    RMS:   bond 0.016 -> 0.011   angle 1.72 -> 1.76   chiral 0.08 -> 0.11
  9 refmac5 restr   36.6s   8/8   R/Rfree  0.1646/0.1866  ->  0.1582/0.1961
    RMS:   bond 0.011 -> 0.009   angle 1.76 -> 1.72   chiral 0.11 -> 0.09
 10 find-blobs       0.4s  searching with cut-off: 0.189 e/A^3 (0.8 sigma)
Unmodelled blobs not found.
To see it in Coot run /gpfs/offline1/visitors/micromax/20251850/20260513/dzabelsk/TR_CAN_comb/laser2/dimple_processing/coot.sh
