Xtrapol8 -- version 1.2.9 -- run date: 2026-05-29_13h47
Phenix version: 2.0-5936
CCP4 version: CCP4 path not found
-----------------------------------------
REMARKS
-----------------------------------------
scaleit not found. Data will not be scaled.
-----------------------------------------
NON DEFAULT ARGUMENTS
-----------------------------------------
input {
  reference_mtz = "/home/dmitrii/projects/tv_extrapolation/results/it_tv_ocp/occupancy_estimation_no_refinement/xtrapol8_fobs_inputs/ech_laser_2h/reference_fobs.mtz"
  triggered_mtz = "/home/dmitrii/projects/tv_extrapolation/results/it_tv_ocp/occupancy_estimation_no_refinement/xtrapol8_fobs_inputs/ech_laser_2h/triggered_fobs.mtz"
  reference_pdb = "/home/dmitrii/projects/tv_extrapolation/initial_ocp/OCP_ECH_dark.pdb"
}
occupancies {
  list_occ = 0.05 0.07 0.09 0.11 0.13 0.15 0.17 0.19 0.21 0.23 0.25 0.27 0.29 \
             0.31 0.33 0.35 0.37 0.39 0.41 0.43 0.45 0.47 0.49
}
scaling {
  b_scaling = *no isotropic anisotropic
}
f_and_maps {
  negative_and_missing = truncate_and_fill truncate_no_fill fref_and_fill \
                         fref_no_fill fcalc_and_fill fcalc_no_fill \
                         keep_and_fill *keep_no_fill reject_and_fill \
                         reject_no_fill zero_and_fill zero_no_fill \
                         fill_missing no_fill absolute_and_fill \
                         absolute_no_fill
}
refinement {
  run_refinement = False
  phenix_keywords {
    real_space_refine {
      cycles = 1
    }
    main {
      cycles = 1
    }
  }
}
output {
  outdir = "/home/dmitrii/projects/tv_extrapolation/results/it_tv_ocp/occupancy_estimation_no_refinement/xtrapol8/ech_laser_2h"
  outname = "ech_laser_2h"
  open_coot = False
}
-----------------------------------------
DATA PREPARATION
-----------------------------------------
