=== check_hkl Completeness Statistics ===
Command: check_hkl ech-laser_1h_d2.hkl -p /data/visitors/micromax/20251850/20260513/dzabelsk/TR_ECH/cell_ech.cell --shell-file=ech-laser_1h_d2_completeness.dat --nshells=15 --highres=1.83
Using symmetry from reflection file: -3m1_H
Discarded 0 reflections (out of 98308) with I/sigma(I) < -inf
65775 reflections rejected because they were outside the resolution range.
1/d goes from 0.261359 to 5.464478 nm^-1
Overall values within specified resolution range:
14074940 measurements in total.
32533 reflections in total.
32531 reflections possible.
Overall <snr> = 6.012511
Overall redundancy = 432.635785 measurements/unique reflection
Overall completeness = 100.006148 %
Resolution shell information written to ech-laser_1h_d2_completeness.dat.
----------------------------------------
=== compare_hkl Rsplit Statistics ===
Command: compare_hkl ech-laser_1h_d2.hkl1 ech-laser_1h_d2.hkl2 -p /data/visitors/micromax/20251850/20260513/dzabelsk/TR_ECH/cell_ech.cell --shell-file=ech-laser_1h_d2_Rsplit.dat --fom=Rsplit --nshells=15 --highres=1.83
Using symmetry from reflection files: -3m1_H
ech-laser_1h_d2.hkl1: 96019 reflections, resolution range 38.26 to 1.24 Angstroms (0.26136 to 8.04834 nm^-1).
ech-laser_1h_d2.hkl2: 96146 reflections, resolution range 38.26 to 1.24 Angstroms (0.26136 to 8.04397 nm^-1).
62021 reflection pairs rejected because either or both versions were outside the resolution range.
32533 reflection pairs accepted.
Accepted resolution range: 0.261359 to 5.464478 nm^-1 (38.26 to 1.83 Angstroms).
Fixed resolution range: 0.261359 to 5.464481 nm^-1 (38.26 to 1.83 Angstroms).
Relative scale factor = 0.982194, relative B factor = 0.048794 A^2
A scale factor greater than 1 means that the second reflection list is weaker than the first.
A positive relative B factor means that the second reflection list falls off with resolution more quickly than the first.
Overall Rsplit = 11.95 %
----------------------------------------
=== compare_hkl CChalf Statistics ===
Command: compare_hkl ech-laser_1h_d2.hkl1 ech-laser_1h_d2.hkl2 -p /data/visitors/micromax/20251850/20260513/dzabelsk/TR_ECH/cell_ech.cell --shell-file=ech-laser_1h_d2_CChalf.dat --fom=CC --nshells=15 --highres=1.83
Using symmetry from reflection files: -3m1_H
ech-laser_1h_d2.hkl1: 96019 reflections, resolution range 38.26 to 1.24 Angstroms (0.26136 to 8.04834 nm^-1).
ech-laser_1h_d2.hkl2: 96146 reflections, resolution range 38.26 to 1.24 Angstroms (0.26136 to 8.04397 nm^-1).
62021 reflection pairs rejected because either or both versions were outside the resolution range.
32533 reflection pairs accepted.
Accepted resolution range: 0.261359 to 5.464478 nm^-1 (38.26 to 1.83 Angstroms).
Fixed resolution range: 0.261359 to 5.464481 nm^-1 (38.26 to 1.83 Angstroms).
Relative scale factor = 0.982194, relative B factor = 0.048794 A^2
A scale factor greater than 1 means that the second reflection list is weaker than the first.
A positive relative B factor means that the second reflection list falls off with resolution more quickly than the first.
Overall CC = 0.9809782
----------------------------------------
=== compare_hkl CCstar Statistics ===
Command: compare_hkl ech-laser_1h_d2.hkl1 ech-laser_1h_d2.hkl2 -p /data/visitors/micromax/20251850/20260513/dzabelsk/TR_ECH/cell_ech.cell --shell-file=ech-laser_1h_d2_CCstar.dat --fom=CCstar --nshells=15 --highres=1.83
Using symmetry from reflection files: -3m1_H
ech-laser_1h_d2.hkl1: 96019 reflections, resolution range 38.26 to 1.24 Angstroms (0.26136 to 8.04834 nm^-1).
ech-laser_1h_d2.hkl2: 96146 reflections, resolution range 38.26 to 1.24 Angstroms (0.26136 to 8.04397 nm^-1).
62021 reflection pairs rejected because either or both versions were outside the resolution range.
32533 reflection pairs accepted.
Accepted resolution range: 0.261359 to 5.464478 nm^-1 (38.26 to 1.83 Angstroms).
Fixed resolution range: 0.261359 to 5.464481 nm^-1 (38.26 to 1.83 Angstroms).
Relative scale factor = 0.982194, relative B factor = 0.048794 A^2
A scale factor greater than 1 means that the second reflection list is weaker than the first.
A positive relative B factor means that the second reflection list falls off with resolution more quickly than the first.
Overall CC* = 0.9951873
----------------------------------------
=== get_hkl Conversion to MTZ ===
Command: get_hkl -i ech-laser_1h_d2.hkl -o ech-laser_1h_d2.mtz --output-format=mtz -p /data/visitors/micromax/20251850/20260513/dzabelsk/TR_ECH/cell_ech.cell --highres=1.83
----------------------------------------
