# workflow log (compatible with Python configparser)

[workflow]
host: offline-fe1
platform: Linux-4.18.0-553.58.1.el8_10.x86_64-x86_64-with-glibc2.28
cwd: /gpfs/offline1/visitors/micromax/20251850/20260513/dzabelsk/TR_ECH_comb/ech_laser_1h_2
prog: /sw/pkg/presto/e/14.1/software/CCP4/9.0.011-foss-2023a-SHELX-ARP-8.0/ccp4-9/lib/python3.9/site-packages/dimple/__main__.py
args:
 ech-laser_1h_d2.mtz
 /data/visitors/micromax/20240701/20241015/dzabelsk/ech_prefin.pdb
 dimple_processing
 --hklout=ech-laser_1h_d2_dimple.mtz
 --xyzout=ech-laser_1h_d2_dimple.pdb
output_dir: dimple_processing
CCP4: /sw/pkg/presto/e/14.1/software/CCP4/9.0.011-foss-2023a-SHELX-ARP-8.0/ccp4-9
CCP4_SCR: /tmp
version: 2.6.2
#      ### Dimple v2.6.2. Problems and suggestions: ccp4.github.io/dimple ###
# 
# MTZ (1.8A)            P 3 2 1      (83.43, 83.43, 90.21,  90, 90, 120.00)
# 8007944a8271a45579405724ce46889a /data/visitors/micromax/20240701/20241015/dzabelsk/ech_prefin.pdb
data_file: ../ech-laser_1h_d2.mtz
pdb_files: ["/data/visitors/micromax/20240701/20241015/dzabelsk/ech_prefin.pdb"]
# 
# ech_prefin.pdb        P 32 2 1     (83.50, 83.50, 90.26,  90, 90, 120.00)

[rwcontents]
start_time: 2026-05-29 12:42:43
input: end
prog: /sw/pkg/presto/e/14.1/software/CCP4/9.0.011-foss-2023a-SHELX-ARP-8.0/ccp4-9/bin/rwcontents
args: XYZIN ini.pdb
end_time: 2026-05-29 12:42:43
info: 6 x 35kDa (+ 3kDa het) in 545nm3, 53% solvent
stdout: 01-rwcontents.log
aa_count: 324
water_count: 186.48
volume: 545003.562
weight: 34881.77
total_weight: 38241.266
Vm: 2.6
solvent_percent: 52.69230769230769
num_mol: 6

[pointless]
start_time: 2026-05-29 12:42:43
input: TOLERANCE 5
  end
prog: /sw/pkg/presto/e/14.1/software/CCP4/9.0.011-foss-2023a-SHELX-ARP-8.0/ccp4-9/bin/pointless
args: HKLIN ../ech-laser_1h_d2.mtz HKLOUT reindexed.mtz XYZIN ini.pdb
end_time: 2026-05-29 12:42:44
info: resol. 1.83 A   #refl: 32533
stdout: 02-pointless.log
resol: 1.83
refl_ref: 32588
alt_reindex: [{"op": "[-h,-k,l]", "cc": 0.785, "cell_deviat": 0.06}, {"op": "[h,k,l]", "cc": 0.047, "cell_deviat": 0.06}]
output_cell: (83.43, 83.43, 90.21, 90.0, 90.0, 120.0)
refl_out: 32533
# 
#     [-h,-k,l]  CC: 0.785    cell diff: 0.1A
# 
#     [h,k,l]    CC: 0.047    cell diff: 0.1A
# 
# reindexed MTZ         P 32 2 1     (83.43, 83.43, 90.21,  90, 90, 120.00)

[truncate]
start_time: 2026-05-29 12:42:44
input: labin IMEAN=I SIGIMEAN=SIGI
  labout F=F SIGF=SIGF
  NOHARVEST
  end
prog: /sw/pkg/presto/e/14.1/software/CCP4/9.0.011-foss-2023a-SHELX-ARP-8.0/ccp4-9/bin/truncate
args: HKLIN reindexed.mtz HKLOUT amplit.mtz
end_time: 2026-05-29 12:42:45
info: B=41.6
stdout: 03-truncate.log
B-factor: 41.639
# 
# Rigid-body refinement with resolution 3.5 A, 10 cycles.
#  0.6 waters/aa.

[refmac5 rigid]
start_time: 2026-05-29 12:42:45
input: labin FP=F SIGFP=SIGF
  refinement type rigidbody resolution 15 3.5
  rigidbody ncycle 10
  end
prog: /sw/pkg/presto/e/14.1/software/CCP4/9.0.011-foss-2023a-SHELX-ARP-8.0/ccp4-9/bin/refmac5
args: HKLIN amplit.mtz HKLOUT refmacRB.mtz XYZIN ini.pdb XYZOUT refmacRB.pdb
end_time: 2026-05-29 12:42:51
info: 10/10   R  0.1941  ->  0.1909
stdout: 04-refmac5_rigid.log
ncyc: 10
cycle: 10
iter_overall_r: [0.1941, 0.1916, 0.1911, 0.191, 0.191, 0.191, 0.191, 0.1909, 0.1909, 0.1909, 0.1909]
overall_r: 0.1909
ini_overall_r: 0.1941
# 
# No MR for R < 0.4.
# 
# Generate free-R flags
#  (repeatably)

[unique]
start_time: 2026-05-29 12:42:51
input: cell 83.5 83.5 90.26 90 90 120
  symmetry 'P 3 2 1'
  resolution 1.000
  labout F=F_UNIQUE SIGF=SIGF_UNIQUE
  end
prog: /sw/pkg/presto/e/14.1/software/CCP4/9.0.011-foss-2023a-SHELX-ARP-8.0/ccp4-9/bin/unique
args: HKLOUT unique.mtz
end_time: 2026-05-29 12:42:51
stdout: 05-unique.log

[freerflag]
start_time: 2026-05-29 12:42:51
input: end
prog: /sw/pkg/presto/e/14.1/software/CCP4/9.0.011-foss-2023a-SHELX-ARP-8.0/ccp4-9/bin/freerflag
args: HKLIN unique.mtz HKLOUT free.mtz
end_time: 2026-05-29 12:42:52
stdout: 06-freerflag.log

[cad]
start_time: 2026-05-29 12:42:52
input: labin file 1 E1=I E2=SIGI E3=F E4=SIGF
  labin file 2 E1=FreeR_flag
  sysab_keep
  reso overall 1000.0 1.82949
  end
prog: /sw/pkg/presto/e/14.1/software/CCP4/9.0.011-foss-2023a-SHELX-ARP-8.0/ccp4-9/bin/cad
args: HKLIN1 amplit.mtz HKLIN2 free.mtz HKLOUT prepared.mtz
end_time: 2026-05-29 12:42:53
info: #refl  32565 -> 32565
stdout: 07-cad.log
refl_in1: 32565
refl_out: 32565
# 
# Restrained refinement, 4+8 cycles.

[refmac5 jelly]
start_time: 2026-05-29 12:42:53
input: labin FP=F SIGFP=SIGF FREE=FreeR_flag
  make newligand continue
  refinement type restrained
  weight auto
  ridge distance sigma 0.01
  make hydrogen no
  ncycle 4
  end
prog: /sw/pkg/presto/e/14.1/software/CCP4/9.0.011-foss-2023a-SHELX-ARP-8.0/ccp4-9/bin/refmac5
args: HKLIN prepared.mtz HKLOUT jelly.mtz XYZIN refmacRB.pdb XYZOUT jelly.pdb
end_time: 2026-05-29 12:43:12
info:  4/4   R/Rfree  0.2178/0.2212  ->  0.1902/0.2143
stdout: 08-refmac5_jelly.log
ncyc: 4
cycle: 4
iter_overall_r: [0.2178, 0.2034, 0.1965, 0.1928, 0.1902]
overall_r: 0.1902
ini_overall_r: 0.2178
free_r: 0.2143
ini_free_r: 0.2212
iter_free_r: [0.2212, 0.2154, 0.2127, 0.214, 0.2143]
rmsBOND: [0.016, 0.0113, 0.0107, 0.0104, 0.0103]
rmsANGL: [1.713, 1.689, 1.708, 1.725, 1.739]
rmsCHIRAL: [0.086, 0.089, 0.096, 0.102, 0.107]
# 
#     RMS:   bond 0.016 -> 0.010   angle 1.71 -> 1.74   chiral 0.09 -> 0.11

[refmac5 restr]
start_time: 2026-05-29 12:43:12
input: labin FP=F SIGFP=SIGF FREE=FreeR_flag
  make newligand continue
  refinement type restrained
  weight auto
  ncycle 8
  end
prog: /sw/pkg/presto/e/14.1/software/CCP4/9.0.011-foss-2023a-SHELX-ARP-8.0/ccp4-9/bin/refmac5
args: HKLIN prepared.mtz HKLOUT ech-laser_1h_d2_dimple.mtz XYZIN jelly.pdb XYZOUT ech-laser_1h_d2_dimple.pdb
end_time: 2026-05-29 12:43:50
info:  8/8   R/Rfree  0.1843/0.2121  ->  0.1751/0.2197
stdout: 09-refmac5_restr.log
ncyc: 8
cycle: 8
iter_overall_r: [0.1843, 0.1801, 0.1779, 0.1767, 0.1758, 0.1754, 0.1752, 0.1751, 0.1751]
overall_r: 0.1751
ini_overall_r: 0.1843
free_r: 0.2197
ini_free_r: 0.2121
iter_free_r: [0.2121, 0.2128, 0.214, 0.2154, 0.2166, 0.2175, 0.2184, 0.219, 0.2197]
rmsBOND: [0.0103, 0.009, 0.0089, 0.0088, 0.0086, 0.0085, 0.0084, 0.0084, 0.0083]
rmsANGL: [1.74, 1.65, 1.656, 1.67, 1.679, 1.685, 1.688, 1.69, 1.691]
rmsCHIRAL: [0.107, 0.096, 0.094, 0.093, 0.092, 0.092, 0.091, 0.091, 0.091]
# 
#     RMS:   bond 0.010 -> 0.008   angle 1.74 -> 1.69   chiral 0.11 -> 0.09

[find-blobs]
start_time: 2026-05-29 12:43:50
prog: /sw/pkg/presto/e/14.1/software/CCP4/9.0.011-foss-2023a-SHELX-ARP-8.0/ccp4-9/bin/find-blobs
args: -c -s0.8 ech-laser_1h_d2_dimple.mtz ech-laser_1h_d2_dimple.pdb
end_time: 2026-05-29 12:43:50
info: searching with cut-off: 0.167 e/A^3 (0.8 sigma)
stdout: 10-find-blobs.log
blobs: []
scores: []
density_info: Density std.dev: 0.209, cut-off: 0.167 e/A^3 (0.8 sigma)
center: (-22.08, 7.657, 1.058)
# 
# Unmodelled blobs not found.
# 
# To see it in Coot run /gpfs/offline1/visitors/micromax/20251850/20260513/dzabelsk/TR_ECH_comb/ech_laser_1h_2/dimple_processing/coot.sh
# 
