=== check_hkl Completeness Statistics ===
Command: check_hkl can-laser14.hkl -p /data/visitors/micromax/20251850/20260513/dzabelsk/TR_CAN_comb/can_cell.cell --shell-file=can-laser14_completeness.dat --nshells=15 --highres=1.93
Using symmetry from reflection file: -3m1_H
Discarded 0 reflections (out of 94994) with I/sigma(I) < -inf
67300 reflections rejected because they were outside the resolution range.
1/d goes from 0.261554 to 5.181306 nm^-1
Overall values within specified resolution range:
5228669 measurements in total.
27694 reflections in total.
27692 reflections possible.
Overall <snr> = 4.553306
Overall redundancy = 188.801509 measurements/unique reflection
Overall completeness = 100.007222 %
Resolution shell information written to can-laser14_completeness.dat.
----------------------------------------
=== compare_hkl Rsplit Statistics ===
Command: compare_hkl can-laser14.hkl1 can-laser14.hkl2 -p /data/visitors/micromax/20251850/20260513/dzabelsk/TR_CAN_comb/can_cell.cell --shell-file=can-laser14_Rsplit.dat --fom=Rsplit --nshells=15 --highres=1.93
Using symmetry from reflection files: -3m1_H
can-laser14.hkl1: 91780 reflections, resolution range 38.23 to 1.25 Angstroms (0.26155 to 8.02646 nm^-1).
can-laser14.hkl2: 91714 reflections, resolution range 38.23 to 1.24 Angstroms (0.26155 to 8.04389 nm^-1).
61775 reflection pairs rejected because either or both versions were outside the resolution range.
27694 reflection pairs accepted.
Accepted resolution range: 0.261554 to 5.181306 nm^-1 (38.23 to 1.93 Angstroms).
Fixed resolution range: 0.261554 to 5.181347 nm^-1 (38.23 to 1.93 Angstroms).
Relative scale factor = 1.009656, relative B factor = -0.209812 A^2
A scale factor greater than 1 means that the second reflection list is weaker than the first.
A positive relative B factor means that the second reflection list falls off with resolution more quickly than the first.
Overall Rsplit = 18.91 %
----------------------------------------
=== compare_hkl CChalf Statistics ===
Command: compare_hkl can-laser14.hkl1 can-laser14.hkl2 -p /data/visitors/micromax/20251850/20260513/dzabelsk/TR_CAN_comb/can_cell.cell --shell-file=can-laser14_CChalf.dat --fom=CC --nshells=15 --highres=1.93
Using symmetry from reflection files: -3m1_H
can-laser14.hkl1: 91780 reflections, resolution range 38.23 to 1.25 Angstroms (0.26155 to 8.02646 nm^-1).
can-laser14.hkl2: 91714 reflections, resolution range 38.23 to 1.24 Angstroms (0.26155 to 8.04389 nm^-1).
61775 reflection pairs rejected because either or both versions were outside the resolution range.
27694 reflection pairs accepted.
Accepted resolution range: 0.261554 to 5.181306 nm^-1 (38.23 to 1.93 Angstroms).
Fixed resolution range: 0.261554 to 5.181347 nm^-1 (38.23 to 1.93 Angstroms).
Relative scale factor = 1.009656, relative B factor = -0.209812 A^2
A scale factor greater than 1 means that the second reflection list is weaker than the first.
A positive relative B factor means that the second reflection list falls off with resolution more quickly than the first.
Overall CC = 0.9530074
----------------------------------------
=== compare_hkl CCstar Statistics ===
Command: compare_hkl can-laser14.hkl1 can-laser14.hkl2 -p /data/visitors/micromax/20251850/20260513/dzabelsk/TR_CAN_comb/can_cell.cell --shell-file=can-laser14_CCstar.dat --fom=CCstar --nshells=15 --highres=1.93
Using symmetry from reflection files: -3m1_H
can-laser14.hkl1: 91780 reflections, resolution range 38.23 to 1.25 Angstroms (0.26155 to 8.02646 nm^-1).
can-laser14.hkl2: 91714 reflections, resolution range 38.23 to 1.24 Angstroms (0.26155 to 8.04389 nm^-1).
61775 reflection pairs rejected because either or both versions were outside the resolution range.
27694 reflection pairs accepted.
Accepted resolution range: 0.261554 to 5.181306 nm^-1 (38.23 to 1.93 Angstroms).
Fixed resolution range: 0.261554 to 5.181347 nm^-1 (38.23 to 1.93 Angstroms).
Relative scale factor = 1.009656, relative B factor = -0.209812 A^2
A scale factor greater than 1 means that the second reflection list is weaker than the first.
A positive relative B factor means that the second reflection list falls off with resolution more quickly than the first.
Overall CC* = 0.9878959
----------------------------------------
=== get_hkl Conversion to MTZ ===
Command: get_hkl -i can-laser14.hkl -o can-laser14.mtz --output-format=mtz -p /data/visitors/micromax/20251850/20260513/dzabelsk/TR_CAN_comb/can_cell.cell --highres=1.93
----------------------------------------
