
     ### Dimple v2.6.2. Problems and suggestions: ccp4.github.io/dimple ###
MTZ (1.6A)            P 3 2 1      (83.43, 83.43, 90.21,  90, 90, 120.00)
ech_prefin.pdb        P 32 2 1     (83.50, 83.50, 90.26,  90, 90, 120.00)
  1 rwcontents       0.1s  6 x 35kDa (+ 3kDa het) in 545nm3, 53% solvent
  2 pointless        1.4s  resol. 1.60 A   #refl: 48370
    [-h,-k,l]  CC: 0.735    cell diff: 0.1A
    [h,k,l]    CC: 0.046    cell diff: 0.1A
reindexed MTZ         P 32 2 1     (83.43, 83.43, 90.21,  90, 90, 120.00)
  3 truncate         0.3s  B=42.8
Rigid-body refinement with resolution 3.5 A, 10 cycles. 0.6 waters/aa.
  4 refmac5 rigid    6.3s  10/10   R  0.1863  ->  0.1815
No MR for R < 0.4.
Generate free-R flags (repeatably)
  5 unique           0.3s  
  6 freerflag        0.8s  
  7 cad              0.5s  #refl  48432 -> 48432
Restrained refinement, 4+8 cycles.
  8 refmac5 jelly   23.9s   4/4   R/Rfree  0.2138/0.2191  ->  0.1905/0.2121
    RMS:   bond 0.016 -> 0.011   angle 1.71 -> 1.81   chiral 0.09 -> 0.12
  9 refmac5 restr   43.1s   8/8   R/Rfree  0.1841/0.2083  ->  0.1774/0.2190
    RMS:   bond 0.011 -> 0.009   angle 1.81 -> 1.75   chiral 0.12 -> 0.10
 10 find-blobs       0.4s  searching with cut-off: 0.166 e/A^3 (0.8 sigma)
Unmodelled blobs not found.
To see it in Coot run /gpfs/offline1/visitors/micromax/20251850/20260513/dzabelsk/TR_ECH_comb/ech_dark/dimple_processing/coot.sh
