=== check_hkl Completeness Statistics ===
Command: check_hkl can-dark.hkl -p /data/visitors/micromax/20251850/20260513/dzabelsk/TR_CAN_comb/can_cell.cell --shell-file=can-dark_completeness.dat --nshells=15 --highres=1.8
Using symmetry from reflection file: -3m1_H
Discarded 0 reflections (out of 99647) with I/sigma(I) < -inf
65621 reflections rejected because they were outside the resolution range.
1/d goes from 0.261554 to 5.555527 nm^-1
Overall values within specified resolution range:
26552169 measurements in total.
34026 reflections in total.
34024 reflections possible.
Overall <snr> = 7.692432
Overall redundancy = 780.349409 measurements/unique reflection
Overall completeness = 100.005878 %
Resolution shell information written to can-dark_completeness.dat.
----------------------------------------
=== compare_hkl Rsplit Statistics ===
Command: compare_hkl can-dark.hkl1 can-dark.hkl2 -p /data/visitors/micromax/20251850/20260513/dzabelsk/TR_CAN_comb/can_cell.cell --shell-file=can-dark_Rsplit.dat --fom=Rsplit --nshells=15 --highres=1.8
Using symmetry from reflection files: -3m1_H
can-dark.hkl1: 97878 reflections, resolution range 38.23 to 1.24 Angstroms (0.26155 to 8.04774 nm^-1).
can-dark.hkl2: 97800 reflections, resolution range 38.23 to 1.24 Angstroms (0.26155 to 8.07574 nm^-1).
62545 reflection pairs rejected because either or both versions were outside the resolution range.
34026 reflection pairs accepted.
Accepted resolution range: 0.261554 to 5.555527 nm^-1 (38.23 to 1.80 Angstroms).
Fixed resolution range: 0.261554 to 5.555556 nm^-1 (38.23 to 1.80 Angstroms).
Relative scale factor = 0.973108, relative B factor = 0.550843 A^2
A scale factor greater than 1 means that the second reflection list is weaker than the first.
A positive relative B factor means that the second reflection list falls off with resolution more quickly than the first.
Overall Rsplit = 9.62 %
----------------------------------------
=== compare_hkl CChalf Statistics ===
Command: compare_hkl can-dark.hkl1 can-dark.hkl2 -p /data/visitors/micromax/20251850/20260513/dzabelsk/TR_CAN_comb/can_cell.cell --shell-file=can-dark_CChalf.dat --fom=CC --nshells=15 --highres=1.8
Using symmetry from reflection files: -3m1_H
can-dark.hkl1: 97878 reflections, resolution range 38.23 to 1.24 Angstroms (0.26155 to 8.04774 nm^-1).
can-dark.hkl2: 97800 reflections, resolution range 38.23 to 1.24 Angstroms (0.26155 to 8.07574 nm^-1).
62545 reflection pairs rejected because either or both versions were outside the resolution range.
34026 reflection pairs accepted.
Accepted resolution range: 0.261554 to 5.555527 nm^-1 (38.23 to 1.80 Angstroms).
Fixed resolution range: 0.261554 to 5.555556 nm^-1 (38.23 to 1.80 Angstroms).
Relative scale factor = 0.973108, relative B factor = 0.550843 A^2
A scale factor greater than 1 means that the second reflection list is weaker than the first.
A positive relative B factor means that the second reflection list falls off with resolution more quickly than the first.
Overall CC = 0.9882040
----------------------------------------
=== compare_hkl CCstar Statistics ===
Command: compare_hkl can-dark.hkl1 can-dark.hkl2 -p /data/visitors/micromax/20251850/20260513/dzabelsk/TR_CAN_comb/can_cell.cell --shell-file=can-dark_CCstar.dat --fom=CCstar --nshells=15 --highres=1.8
Using symmetry from reflection files: -3m1_H
can-dark.hkl1: 97878 reflections, resolution range 38.23 to 1.24 Angstroms (0.26155 to 8.04774 nm^-1).
can-dark.hkl2: 97800 reflections, resolution range 38.23 to 1.24 Angstroms (0.26155 to 8.07574 nm^-1).
62545 reflection pairs rejected because either or both versions were outside the resolution range.
34026 reflection pairs accepted.
Accepted resolution range: 0.261554 to 5.555527 nm^-1 (38.23 to 1.80 Angstroms).
Fixed resolution range: 0.261554 to 5.555556 nm^-1 (38.23 to 1.80 Angstroms).
Relative scale factor = 0.973108, relative B factor = 0.550843 A^2
A scale factor greater than 1 means that the second reflection list is weaker than the first.
A positive relative B factor means that the second reflection list falls off with resolution more quickly than the first.
Overall CC* = 0.9970291
----------------------------------------
=== get_hkl Conversion to MTZ ===
Command: get_hkl -i can-dark.hkl -o can-dark.mtz --output-format=mtz -p /data/visitors/micromax/20251850/20260513/dzabelsk/TR_CAN_comb/can_cell.cell --highres=1.8
----------------------------------------
