
     ### Dimple v2.6.2. Problems and suggestions: ccp4.github.io/dimple ###
MTZ (1.8A)            P 3 2 1      (83.28, 83.28, 90.18,  90, 90, 120.00)
ech_prefin.pdb        P 32 2 1     (83.50, 83.50, 90.26,  90, 90, 120.00)
  1 rwcontents       0.1s  6 x 35kDa (+ 3kDa het) in 545nm3, 53% solvent
  2 pointless        1.6s  resol. 1.80 A   #refl: 34026
    [-h,-k,l]  CC: 0.841    cell diff: 0.2A
    [h,k,l]    CC: 0.057    cell diff: 0.2A
reindexed MTZ         P 32 2 1     (83.28, 83.28, 90.18,  90, 90, 120.00)
  3 truncate         0.3s  B=34.5
Rigid-body refinement with resolution 3.5 A, 10 cycles. 0.6 waters/aa.
  4 refmac5 rigid    6.8s  10/10   R  0.1645  ->  0.1614
No MR for R < 0.4.
Generate free-R flags (repeatably)
  5 unique           0.3s  
  6 freerflag        0.9s  
  7 cad              0.5s  #refl  34062 -> 34062
Restrained refinement, 4+8 cycles.
  8 refmac5 jelly   21.4s   4/4   R/Rfree  0.1950/0.2000  ->  0.1706/0.1936
    RMS:   bond 0.016 -> 0.011   angle 1.72 -> 1.78   chiral 0.08 -> 0.11
  9 refmac5 restr   39.4s   8/8   R/Rfree  0.1649/0.1892  ->  0.1590/0.1983
    RMS:   bond 0.011 -> 0.009   angle 1.78 -> 1.71   chiral 0.11 -> 0.09
 10 find-blobs       0.3s  searching with cut-off: 0.192 e/A^3 (0.8 sigma)
Unmodelled blobs not found.
To see it in Coot run /gpfs/offline1/visitors/micromax/20251850/20260513/dzabelsk/TR_CAN_comb/dark/dimple_processing/coot.sh
