# workflow log (compatible with Python configparser)

[workflow]
host: offline-fe1
platform: Linux-4.18.0-553.58.1.el8_10.x86_64-x86_64-with-glibc2.28
cwd: /gpfs/offline1/visitors/micromax/20251850/20260513/dzabelsk/TR_CAN_filt/dark
prog: /sw/pkg/presto/e/14.1/software/CCP4/9.0.011-foss-2023a-SHELX-ARP-8.0/ccp4-9/lib/python3.9/site-packages/dimple/__main__.py
args:
 can-dark.mtz
 /data/visitors/micromax/20240701/20241015/dzabelsk/ech_prefin.pdb
 dimple_processing
 --hklout=can-dark_dimple.mtz
 --xyzout=can-dark_dimple.pdb
output_dir: dimple_processing
CCP4: /sw/pkg/presto/e/14.1/software/CCP4/9.0.011-foss-2023a-SHELX-ARP-8.0/ccp4-9
CCP4_SCR: /tmp
version: 2.6.2
#      ### Dimple v2.6.2. Problems and suggestions: ccp4.github.io/dimple ###
# 
# MTZ (1.8A)            P 3 2 1      (83.28, 83.28, 90.18,  90, 90, 120.00)
# 8007944a8271a45579405724ce46889a /data/visitors/micromax/20240701/20241015/dzabelsk/ech_prefin.pdb
data_file: ../can-dark.mtz
pdb_files: ["/data/visitors/micromax/20240701/20241015/dzabelsk/ech_prefin.pdb"]
# 
# ech_prefin.pdb        P 32 2 1     (83.50, 83.50, 90.26,  90, 90, 120.00)

[rwcontents]
start_time: 2026-06-01 14:13:25
input: end
prog: /sw/pkg/presto/e/14.1/software/CCP4/9.0.011-foss-2023a-SHELX-ARP-8.0/ccp4-9/bin/rwcontents
args: XYZIN ini.pdb
end_time: 2026-06-01 14:13:25
info: 6 x 35kDa (+ 3kDa het) in 545nm3, 53% solvent
stdout: 01-rwcontents.log
aa_count: 324
water_count: 186.48
volume: 545003.562
weight: 34881.77
total_weight: 38241.266
Vm: 2.6
solvent_percent: 52.69230769230769
num_mol: 6

[pointless]
start_time: 2026-06-01 14:13:25
input: TOLERANCE 5
  end
prog: /sw/pkg/presto/e/14.1/software/CCP4/9.0.011-foss-2023a-SHELX-ARP-8.0/ccp4-9/bin/pointless
args: HKLIN ../can-dark.mtz HKLOUT reindexed.mtz XYZIN ini.pdb
end_time: 2026-06-01 14:13:27
info: resol. 1.80 A   #refl: 34026
stdout: 02-pointless.log
resol: 1.8
refl_ref: 34236
alt_reindex: [{"op": "[h,k,l]", "cc": 0.841, "cell_deviat": 0.19}, {"op": "[-h,-k,l]", "cc": 0.054, "cell_deviat": 0.19}]
output_cell: (83.28, 83.28, 90.18, 90.0, 90.0, 120.0)
refl_out: 34026
# 
#     [h,k,l]    CC: 0.841    cell diff: 0.2A
# 
#     [-h,-k,l]  CC: 0.054    cell diff: 0.2A
# 
# reindexed MTZ         P 32 2 1     (83.28, 83.28, 90.18,  90, 90, 120.00)

[truncate]
start_time: 2026-06-01 14:13:27
input: labin IMEAN=I SIGIMEAN=SIGI
  labout F=F SIGF=SIGF
  NOHARVEST
  end
prog: /sw/pkg/presto/e/14.1/software/CCP4/9.0.011-foss-2023a-SHELX-ARP-8.0/ccp4-9/bin/truncate
args: HKLIN reindexed.mtz HKLOUT amplit.mtz
end_time: 2026-06-01 14:13:28
info: B=33.7
stdout: 03-truncate.log
B-factor: 33.682
# 
# Rigid-body refinement with resolution 3.5 A, 10 cycles.
#  0.6 waters/aa.

[refmac5 rigid]
start_time: 2026-06-01 14:13:28
input: labin FP=F SIGFP=SIGF
  refinement type rigidbody resolution 15 3.5
  rigidbody ncycle 10
  end
prog: /sw/pkg/presto/e/14.1/software/CCP4/9.0.011-foss-2023a-SHELX-ARP-8.0/ccp4-9/bin/refmac5
args: HKLIN amplit.mtz HKLOUT refmacRB.mtz XYZIN ini.pdb XYZOUT refmacRB.pdb
end_time: 2026-06-01 14:13:35
info: 10/10   R  0.1646  ->  0.1616
stdout: 04-refmac5_rigid.log
ncyc: 10
cycle: 10
iter_overall_r: [0.1646, 0.1624, 0.1619, 0.1617, 0.1615, 0.1615, 0.1616, 0.1616, 0.1616, 0.1616, 0.1616]
overall_r: 0.1616
ini_overall_r: 0.1646
# 
# No MR for R < 0.4.
# 
# Generate free-R flags
#  (repeatably)

[unique]
start_time: 2026-06-01 14:13:35
input: cell 83.5 83.5 90.26 90 90 120
  symmetry 'P 3 2 1'
  resolution 1.000
  labout F=F_UNIQUE SIGF=SIGF_UNIQUE
  end
prog: /sw/pkg/presto/e/14.1/software/CCP4/9.0.011-foss-2023a-SHELX-ARP-8.0/ccp4-9/bin/unique
args: HKLOUT unique.mtz
end_time: 2026-06-01 14:13:35
stdout: 05-unique.log

[freerflag]
start_time: 2026-06-01 14:13:35
input: end
prog: /sw/pkg/presto/e/14.1/software/CCP4/9.0.011-foss-2023a-SHELX-ARP-8.0/ccp4-9/bin/freerflag
args: HKLIN unique.mtz HKLOUT free.mtz
end_time: 2026-06-01 14:13:36
stdout: 06-freerflag.log

[cad]
start_time: 2026-06-01 14:13:36
input: labin file 1 E1=I E2=SIGI E3=F E4=SIGF
  labin file 2 E1=FreeR_flag
  sysab_keep
  reso overall 1000.0 1.79949
  end
prog: /sw/pkg/presto/e/14.1/software/CCP4/9.0.011-foss-2023a-SHELX-ARP-8.0/ccp4-9/bin/cad
args: HKLIN1 amplit.mtz HKLIN2 free.mtz HKLOUT prepared.mtz
end_time: 2026-06-01 14:13:37
info: #refl  34062 -> 34062
stdout: 07-cad.log
refl_in1: 34062
refl_out: 34062
# 
# Restrained refinement, 4+8 cycles.

[refmac5 jelly]
start_time: 2026-06-01 14:13:37
input: labin FP=F SIGFP=SIGF FREE=FreeR_flag
  make newligand continue
  refinement type restrained
  weight auto
  ridge distance sigma 0.01
  make hydrogen no
  ncycle 4
  end
prog: /sw/pkg/presto/e/14.1/software/CCP4/9.0.011-foss-2023a-SHELX-ARP-8.0/ccp4-9/bin/refmac5
args: HKLIN prepared.mtz HKLOUT jelly.mtz XYZIN refmacRB.pdb XYZOUT jelly.pdb
end_time: 2026-06-01 14:14:01
info:  4/4   R/Rfree  0.1944/0.1988  ->  0.1700/0.1917
stdout: 08-refmac5_jelly.log
ncyc: 4
cycle: 4
iter_overall_r: [0.1944, 0.179, 0.1737, 0.1711, 0.17]
overall_r: 0.17
ini_overall_r: 0.1944
free_r: 0.1917
ini_free_r: 0.1988
iter_free_r: [0.1988, 0.1923, 0.1908, 0.1915, 0.1917]
rmsBOND: [0.0156, 0.0115, 0.0111, 0.0109, 0.0108]
rmsANGL: [1.714, 1.734, 1.766, 1.786, 1.794]
rmsCHIRAL: [0.083, 0.097, 0.106, 0.112, 0.116]
# 
#     RMS:   bond 0.016 -> 0.011   angle 1.71 -> 1.79   chiral 0.08 -> 0.12

[refmac5 restr]
start_time: 2026-06-01 14:14:01
input: labin FP=F SIGFP=SIGF FREE=FreeR_flag
  make newligand continue
  refinement type restrained
  weight auto
  ncycle 8
  end
prog: /sw/pkg/presto/e/14.1/software/CCP4/9.0.011-foss-2023a-SHELX-ARP-8.0/ccp4-9/bin/refmac5
args: HKLIN prepared.mtz HKLOUT can-dark_dimple.mtz XYZIN jelly.pdb XYZOUT can-dark_dimple.pdb
end_time: 2026-06-01 14:14:40
info:  8/8   R/Rfree  0.1639/0.1875  ->  0.1580/0.1959
stdout: 09-refmac5_restr.log
ncyc: 8
cycle: 8
iter_overall_r: [0.1639, 0.1606, 0.159, 0.1584, 0.158, 0.1578, 0.1578, 0.1578, 0.158]
overall_r: 0.158
ini_overall_r: 0.1639
free_r: 0.1959
ini_free_r: 0.1875
iter_free_r: [0.1875, 0.1885, 0.1899, 0.1911, 0.1924, 0.1933, 0.194, 0.1947, 0.1959]
rmsBOND: [0.0108, 0.0094, 0.0095, 0.0094, 0.0093, 0.0092, 0.0092, 0.0091, 0.0091]
rmsANGL: [1.793, 1.687, 1.694, 1.706, 1.716, 1.723, 1.725, 1.728, 1.729]
rmsCHIRAL: [0.116, 0.098, 0.097, 0.096, 0.096, 0.095, 0.095, 0.095, 0.094]
# 
#     RMS:   bond 0.011 -> 0.009   angle 1.79 -> 1.73   chiral 0.12 -> 0.09

[find-blobs]
start_time: 2026-06-01 14:14:40
prog: /sw/pkg/presto/e/14.1/software/CCP4/9.0.011-foss-2023a-SHELX-ARP-8.0/ccp4-9/bin/find-blobs
args: -c -s0.8 can-dark_dimple.mtz can-dark_dimple.pdb
end_time: 2026-06-01 14:14:41
info: searching with cut-off: 0.194 e/A^3 (0.8 sigma)
stdout: 10-find-blobs.log
blobs: []
scores: []
density_info: Density std.dev: 0.243, cut-off: 0.194 e/A^3 (0.8 sigma)
center: (-22.05, 7.653, 1.036)
# 
# Unmodelled blobs not found.
# 
# To see it in Coot run /gpfs/offline1/visitors/micromax/20251850/20260513/dzabelsk/TR_CAN_filt/dark/dimple_processing/coot.sh
# 
