
     ### Dimple v2.6.2. Problems and suggestions: ccp4.github.io/dimple ###
MTZ (1.8A)            P 3 2 1      (83.28, 83.28, 90.18,  90, 90, 120.00)
ech_prefin.pdb        P 32 2 1     (83.50, 83.50, 90.26,  90, 90, 120.00)
  1 rwcontents       0.1s  6 x 35kDa (+ 3kDa het) in 545nm3, 53% solvent
  2 pointless        1.8s  resol. 1.80 A   #refl: 34026
    [h,k,l]    CC: 0.841    cell diff: 0.2A
    [-h,-k,l]  CC: 0.054    cell diff: 0.2A
reindexed MTZ         P 32 2 1     (83.28, 83.28, 90.18,  90, 90, 120.00)
  3 truncate         0.3s  B=33.7
Rigid-body refinement with resolution 3.5 A, 10 cycles. 0.6 waters/aa.
  4 refmac5 rigid    7.2s  10/10   R  0.1646  ->  0.1616
No MR for R < 0.4.
Generate free-R flags (repeatably)
  5 unique           0.3s  
  6 freerflag        0.9s  
  7 cad              0.5s  #refl  34062 -> 34062
Restrained refinement, 4+8 cycles.
  8 refmac5 jelly   24.1s   4/4   R/Rfree  0.1944/0.1988  ->  0.1700/0.1917
    RMS:   bond 0.016 -> 0.011   angle 1.71 -> 1.79   chiral 0.08 -> 0.12
  9 refmac5 restr   39.3s   8/8   R/Rfree  0.1639/0.1875  ->  0.1580/0.1959
    RMS:   bond 0.011 -> 0.009   angle 1.79 -> 1.73   chiral 0.12 -> 0.09
 10 find-blobs       0.4s  searching with cut-off: 0.194 e/A^3 (0.8 sigma)
Unmodelled blobs not found.
To see it in Coot run /gpfs/offline1/visitors/micromax/20251850/20260513/dzabelsk/TR_CAN_filt/dark/dimple_processing/coot.sh
