# workflow log (compatible with Python configparser)

[workflow]
host: offline-fe1
platform: Linux-4.18.0-553.58.1.el8_10.x86_64-x86_64-with-glibc2.28
cwd: /gpfs/offline1/visitors/micromax/20251850/20260513/dzabelsk/TR_CAN_filt/laser2
prog: /sw/pkg/presto/e/14.1/software/CCP4/9.0.011-foss-2023a-SHELX-ARP-8.0/ccp4-9/lib/python3.9/site-packages/dimple/__main__.py
args:
 can-laser26.mtz
 /data/visitors/micromax/20240701/20241015/dzabelsk/ech_prefin.pdb
 dimple_processing
 --hklout=can-laser26_dimple.mtz
 --xyzout=can-laser26_dimple.pdb
output_dir: dimple_processing
CCP4: /sw/pkg/presto/e/14.1/software/CCP4/9.0.011-foss-2023a-SHELX-ARP-8.0/ccp4-9
CCP4_SCR: /tmp
version: 2.6.2
#      ### Dimple v2.6.2. Problems and suggestions: ccp4.github.io/dimple ###
# 
# MTZ (1.8A)            P 3 2 1      (83.28, 83.28, 90.18,  90, 90, 120.00)
# 8007944a8271a45579405724ce46889a /data/visitors/micromax/20240701/20241015/dzabelsk/ech_prefin.pdb
data_file: ../can-laser26.mtz
pdb_files: ["/data/visitors/micromax/20240701/20241015/dzabelsk/ech_prefin.pdb"]
# 
# ech_prefin.pdb        P 32 2 1     (83.50, 83.50, 90.26,  90, 90, 120.00)

[rwcontents]
start_time: 2026-06-01 14:31:05
input: end
prog: /sw/pkg/presto/e/14.1/software/CCP4/9.0.011-foss-2023a-SHELX-ARP-8.0/ccp4-9/bin/rwcontents
args: XYZIN ini.pdb
end_time: 2026-06-01 14:31:05
info: 6 x 35kDa (+ 3kDa het) in 545nm3, 53% solvent
stdout: 01-rwcontents.log
aa_count: 324
water_count: 186.48
volume: 545003.562
weight: 34881.77
total_weight: 38241.266
Vm: 2.6
solvent_percent: 52.69230769230769
num_mol: 6

[pointless]
start_time: 2026-06-01 14:31:05
input: TOLERANCE 5
  end
prog: /sw/pkg/presto/e/14.1/software/CCP4/9.0.011-foss-2023a-SHELX-ARP-8.0/ccp4-9/bin/pointless
args: HKLIN ../can-laser26.mtz HKLOUT reindexed.mtz XYZIN ini.pdb
end_time: 2026-06-01 14:31:06
info: resol. 1.80 A   #refl: 34026
stdout: 02-pointless.log
resol: 1.8
refl_ref: 34236
alt_reindex: [{"op": "[h,k,l]", "cc": 0.825, "cell_deviat": 0.19}, {"op": "[-h,-k,l]", "cc": 0.054, "cell_deviat": 0.19}]
output_cell: (83.28, 83.28, 90.18, 90.0, 90.0, 120.0)
refl_out: 34026
# 
#     [h,k,l]    CC: 0.825    cell diff: 0.2A
# 
#     [-h,-k,l]  CC: 0.054    cell diff: 0.2A
# 
# reindexed MTZ         P 32 2 1     (83.28, 83.28, 90.18,  90, 90, 120.00)

[truncate]
start_time: 2026-06-01 14:31:07
input: labin IMEAN=I SIGIMEAN=SIGI
  labout F=F SIGF=SIGF
  NOHARVEST
  end
prog: /sw/pkg/presto/e/14.1/software/CCP4/9.0.011-foss-2023a-SHELX-ARP-8.0/ccp4-9/bin/truncate
args: HKLIN reindexed.mtz HKLOUT amplit.mtz
end_time: 2026-06-01 14:31:07
info: B=34.0
stdout: 03-truncate.log
B-factor: 33.964
# 
# Rigid-body refinement with resolution 3.5 A, 10 cycles.
#  0.6 waters/aa.

[refmac5 rigid]
start_time: 2026-06-01 14:31:07
input: labin FP=F SIGFP=SIGF
  refinement type rigidbody resolution 15 3.5
  rigidbody ncycle 10
  end
prog: /sw/pkg/presto/e/14.1/software/CCP4/9.0.011-foss-2023a-SHELX-ARP-8.0/ccp4-9/bin/refmac5
args: HKLIN amplit.mtz HKLOUT refmacRB.mtz XYZIN ini.pdb XYZOUT refmacRB.pdb
end_time: 2026-06-01 14:31:14
info: 10/10   R  0.1670  ->  0.1643
stdout: 04-refmac5_rigid.log
ncyc: 10
cycle: 10
iter_overall_r: [0.167, 0.1648, 0.1644, 0.1642, 0.1642, 0.1643, 0.1643, 0.1643, 0.1643, 0.1643, 0.1643]
overall_r: 0.1643
ini_overall_r: 0.167
# 
# No MR for R < 0.4.
# 
# Generate free-R flags
#  (repeatably)

[unique]
start_time: 2026-06-01 14:31:14
input: cell 83.5 83.5 90.26 90 90 120
  symmetry 'P 3 2 1'
  resolution 1.000
  labout F=F_UNIQUE SIGF=SIGF_UNIQUE
  end
prog: /sw/pkg/presto/e/14.1/software/CCP4/9.0.011-foss-2023a-SHELX-ARP-8.0/ccp4-9/bin/unique
args: HKLOUT unique.mtz
end_time: 2026-06-01 14:31:14
stdout: 05-unique.log

[freerflag]
start_time: 2026-06-01 14:31:14
input: end
prog: /sw/pkg/presto/e/14.1/software/CCP4/9.0.011-foss-2023a-SHELX-ARP-8.0/ccp4-9/bin/freerflag
args: HKLIN unique.mtz HKLOUT free.mtz
end_time: 2026-06-01 14:31:15
stdout: 06-freerflag.log

[cad]
start_time: 2026-06-01 14:31:15
input: labin file 1 E1=I E2=SIGI E3=F E4=SIGF
  labin file 2 E1=FreeR_flag
  sysab_keep
  reso overall 1000.0 1.79949
  end
prog: /sw/pkg/presto/e/14.1/software/CCP4/9.0.011-foss-2023a-SHELX-ARP-8.0/ccp4-9/bin/cad
args: HKLIN1 amplit.mtz HKLIN2 free.mtz HKLOUT prepared.mtz
end_time: 2026-06-01 14:31:16
info: #refl  34062 -> 34062
stdout: 07-cad.log
refl_in1: 34062
refl_out: 34062
# 
# Restrained refinement, 4+8 cycles.

[refmac5 jelly]
start_time: 2026-06-01 14:31:16
input: labin FP=F SIGFP=SIGF FREE=FreeR_flag
  make newligand continue
  refinement type restrained
  weight auto
  ridge distance sigma 0.01
  make hydrogen no
  ncycle 4
  end
prog: /sw/pkg/presto/e/14.1/software/CCP4/9.0.011-foss-2023a-SHELX-ARP-8.0/ccp4-9/bin/refmac5
args: HKLIN prepared.mtz HKLOUT jelly.mtz XYZIN refmacRB.pdb XYZOUT jelly.pdb
end_time: 2026-06-01 14:31:39
info:  4/4   R/Rfree  0.1987/0.2004  ->  0.1749/0.1953
stdout: 08-refmac5_jelly.log
ncyc: 4
cycle: 4
iter_overall_r: [0.1987, 0.1831, 0.1788, 0.1764, 0.1749]
overall_r: 0.1749
ini_overall_r: 0.1987
free_r: 0.1953
ini_free_r: 0.2004
iter_free_r: [0.2004, 0.1942, 0.1945, 0.1948, 0.1953]
rmsBOND: [0.0156, 0.0112, 0.0106, 0.0104, 0.0103]
rmsANGL: [1.714, 1.721, 1.733, 1.745, 1.755]
rmsCHIRAL: [0.083, 0.094, 0.099, 0.105, 0.109]
# 
#     RMS:   bond 0.016 -> 0.010   angle 1.71 -> 1.75   chiral 0.08 -> 0.11

[refmac5 restr]
start_time: 2026-06-01 14:31:39
input: labin FP=F SIGFP=SIGF FREE=FreeR_flag
  make newligand continue
  refinement type restrained
  weight auto
  ncycle 8
  end
prog: /sw/pkg/presto/e/14.1/software/CCP4/9.0.011-foss-2023a-SHELX-ARP-8.0/ccp4-9/bin/refmac5
args: HKLIN prepared.mtz HKLOUT can-laser26_dimple.mtz XYZIN jelly.pdb XYZOUT can-laser26_dimple.pdb
end_time: 2026-06-01 14:32:19
info:  8/8   R/Rfree  0.1688/0.1902  ->  0.1620/0.1968
stdout: 09-refmac5_restr.log
ncyc: 8
cycle: 8
iter_overall_r: [0.1688, 0.1654, 0.1635, 0.1628, 0.1624, 0.1622, 0.1621, 0.1621, 0.162]
overall_r: 0.162
ini_overall_r: 0.1688
free_r: 0.1968
ini_free_r: 0.1902
iter_free_r: [0.1902, 0.1908, 0.1923, 0.1937, 0.1947, 0.1953, 0.1958, 0.1962, 0.1968]
rmsBOND: [0.0103, 0.0089, 0.0089, 0.0088, 0.0087, 0.0086, 0.0085, 0.0085, 0.0084]
rmsANGL: [1.755, 1.644, 1.65, 1.661, 1.671, 1.679, 1.682, 1.685, 1.687]
rmsCHIRAL: [0.109, 0.094, 0.092, 0.091, 0.091, 0.09, 0.09, 0.089, 0.089]
# 
#     RMS:   bond 0.010 -> 0.008   angle 1.75 -> 1.69   chiral 0.11 -> 0.09

[find-blobs]
start_time: 2026-06-01 14:32:19
prog: /sw/pkg/presto/e/14.1/software/CCP4/9.0.011-foss-2023a-SHELX-ARP-8.0/ccp4-9/bin/find-blobs
args: -c -s0.8 can-laser26_dimple.mtz can-laser26_dimple.pdb
end_time: 2026-06-01 14:32:19
info: searching with cut-off: 0.192 e/A^3 (0.8 sigma)
stdout: 10-find-blobs.log
blobs: []
scores: []
density_info: Density std.dev: 0.241, cut-off: 0.192 e/A^3 (0.8 sigma)
center: (-22.05, 7.645, 1.03)
# 
# Unmodelled blobs not found.
# 
# To see it in Coot run /gpfs/offline1/visitors/micromax/20251850/20260513/dzabelsk/TR_CAN_filt/laser2/dimple_processing/coot.sh
# 
