=== check_hkl Completeness Statistics ===
Command: check_hkl can-laser26.hkl -p /data/visitors/micromax/20251850/20260513/dzabelsk/TR_CAN_comb/can_cell.cell --shell-file=can-laser26_completeness.dat --nshells=15 --highres=1.85
Using symmetry from reflection file: -3m1_H
Discarded 0 reflections (out of 99379) with I/sigma(I) < -inf
68015 reflections rejected because they were outside the resolution range.
1/d goes from 0.261554 to 5.405342 nm^-1
Overall values within specified resolution range:
23753982 measurements in total.
31364 reflections in total.
31362 reflections possible.
Overall <snr> = 7.631587
Overall redundancy = 757.364558 measurements/unique reflection
Overall completeness = 100.006377 %
Resolution shell information written to can-laser26_completeness.dat.
----------------------------------------
=== compare_hkl Rsplit Statistics ===
Command: compare_hkl can-laser26.hkl1 can-laser26.hkl2 -p /data/visitors/micromax/20251850/20260513/dzabelsk/TR_CAN_comb/can_cell.cell --shell-file=can-laser26_Rsplit.dat --fom=Rsplit --nshells=15 --highres=1.85
Using symmetry from reflection files: -3m1_H
can-laser26.hkl1: 97484 reflections, resolution range 38.23 to 1.24 Angstroms (0.26155 to 8.07168 nm^-1).
can-laser26.hkl2: 97522 reflections, resolution range 38.23 to 1.24 Angstroms (0.26155 to 8.05323 nm^-1).
64832 reflection pairs rejected because either or both versions were outside the resolution range.
31364 reflection pairs accepted.
Accepted resolution range: 0.261554 to 5.405342 nm^-1 (38.23 to 1.85 Angstroms).
Fixed resolution range: 0.261554 to 5.405405 nm^-1 (38.23 to 1.85 Angstroms).
Relative scale factor = 1.032427, relative B factor = -0.545081 A^2
A scale factor greater than 1 means that the second reflection list is weaker than the first.
A positive relative B factor means that the second reflection list falls off with resolution more quickly than the first.
Overall Rsplit = 10.02 %
----------------------------------------
=== compare_hkl CChalf Statistics ===
Command: compare_hkl can-laser26.hkl1 can-laser26.hkl2 -p /data/visitors/micromax/20251850/20260513/dzabelsk/TR_CAN_comb/can_cell.cell --shell-file=can-laser26_CChalf.dat --fom=CC --nshells=15 --highres=1.85
Using symmetry from reflection files: -3m1_H
can-laser26.hkl1: 97484 reflections, resolution range 38.23 to 1.24 Angstroms (0.26155 to 8.07168 nm^-1).
can-laser26.hkl2: 97522 reflections, resolution range 38.23 to 1.24 Angstroms (0.26155 to 8.05323 nm^-1).
64832 reflection pairs rejected because either or both versions were outside the resolution range.
31364 reflection pairs accepted.
Accepted resolution range: 0.261554 to 5.405342 nm^-1 (38.23 to 1.85 Angstroms).
Fixed resolution range: 0.261554 to 5.405405 nm^-1 (38.23 to 1.85 Angstroms).
Relative scale factor = 1.032427, relative B factor = -0.545081 A^2
A scale factor greater than 1 means that the second reflection list is weaker than the first.
A positive relative B factor means that the second reflection list falls off with resolution more quickly than the first.
Overall CC = 0.9882827
----------------------------------------
=== compare_hkl CCstar Statistics ===
Command: compare_hkl can-laser26.hkl1 can-laser26.hkl2 -p /data/visitors/micromax/20251850/20260513/dzabelsk/TR_CAN_comb/can_cell.cell --shell-file=can-laser26_CCstar.dat --fom=CCstar --nshells=15 --highres=1.85
Using symmetry from reflection files: -3m1_H
can-laser26.hkl1: 97484 reflections, resolution range 38.23 to 1.24 Angstroms (0.26155 to 8.07168 nm^-1).
can-laser26.hkl2: 97522 reflections, resolution range 38.23 to 1.24 Angstroms (0.26155 to 8.05323 nm^-1).
64832 reflection pairs rejected because either or both versions were outside the resolution range.
31364 reflection pairs accepted.
Accepted resolution range: 0.261554 to 5.405342 nm^-1 (38.23 to 1.85 Angstroms).
Fixed resolution range: 0.261554 to 5.405405 nm^-1 (38.23 to 1.85 Angstroms).
Relative scale factor = 1.032427, relative B factor = -0.545081 A^2
A scale factor greater than 1 means that the second reflection list is weaker than the first.
A positive relative B factor means that the second reflection list falls off with resolution more quickly than the first.
Overall CC* = 0.9970491
----------------------------------------
=== get_hkl Conversion to MTZ ===
Command: get_hkl -i can-laser26.hkl -o can-laser26.mtz --output-format=mtz -p /data/visitors/micromax/20251850/20260513/dzabelsk/TR_CAN_comb/can_cell.cell --highres=1.85
----------------------------------------
