
     ### Dimple v2.6.2. Problems and suggestions: ccp4.github.io/dimple ###
MTZ (1.8A)            P 3 2 1      (83.43, 83.43, 90.21,  90, 90, 120.00)
ech_prefin.pdb        P 32 2 1     (83.50, 83.50, 90.26,  90, 90, 120.00)
  1 rwcontents       0.1s  6 x 35kDa (+ 3kDa het) in 545nm3, 53% solvent
  2 pointless        1.1s  resol. 1.80 A   #refl: 34163
    [-h,-k,l]  CC: 0.782    cell diff: 0.1A
    [h,k,l]    CC: 0.051    cell diff: 0.1A
reindexed MTZ         P 32 2 1     (83.43, 83.43, 90.21,  90, 90, 120.00)
  3 truncate         0.2s  B=42.1
Rigid-body refinement with resolution 3.5 A, 10 cycles. 0.6 waters/aa.
  4 refmac5 rigid    6.1s  10/10   R  0.1907  ->  0.1872
No MR for R < 0.4.
Generate free-R flags (repeatably)
  5 unique           0.3s  
  6 freerflag        0.8s  
  7 cad              0.5s  #refl  34193 -> 34193
Restrained refinement, 4+8 cycles.
  8 refmac5 jelly   19.9s   4/4   R/Rfree  0.2148/0.2199  ->  0.1858/0.2089
    RMS:   bond 0.016 -> 0.011   angle 1.71 -> 1.76   chiral 0.09 -> 0.11
  9 refmac5 restr   38.8s   8/8   R/Rfree  0.1800/0.2052  ->  0.1704/0.2109
    RMS:   bond 0.011 -> 0.009   angle 1.76 -> 1.70   chiral 0.11 -> 0.09
 10 find-blobs       0.3s  searching with cut-off: 0.164 e/A^3 (0.8 sigma)
Unmodelled blobs not found.
To see it in Coot run /gpfs/offline1/visitors/micromax/20251850/20260513/dzabelsk/TR_ECH_comb/ech_laser_2h/dimple_processing/coot.sh
