# workflow log (compatible with Python configparser)

[workflow]
host: offline-fe1
platform: Linux-4.18.0-553.58.1.el8_10.x86_64-x86_64-with-glibc2.28
cwd: /gpfs/offline1/visitors/micromax/20251850/20260513/dzabelsk/TR_ECH_comb/ech_laser_1h_1
prog: /sw/pkg/presto/e/14.1/software/CCP4/9.0.011-foss-2023a-SHELX-ARP-8.0/ccp4-9/lib/python3.9/site-packages/dimple/__main__.py
args:
 ech-laser_1h_d1.mtz
 /data/visitors/micromax/20240701/20241015/dzabelsk/ech_prefin.pdb
 dimple_processing
 --hklout=ech-laser_1h_d1_dimple.mtz
 --xyzout=ech-laser_1h_d1_dimple.pdb
output_dir: dimple_processing
CCP4: /sw/pkg/presto/e/14.1/software/CCP4/9.0.011-foss-2023a-SHELX-ARP-8.0/ccp4-9
CCP4_SCR: /tmp
version: 2.6.2
#      ### Dimple v2.6.2. Problems and suggestions: ccp4.github.io/dimple ###
# 
# MTZ (1.8A)            P 3 2 1      (83.43, 83.43, 90.21,  90, 90, 120.00)
# 8007944a8271a45579405724ce46889a /data/visitors/micromax/20240701/20241015/dzabelsk/ech_prefin.pdb
data_file: ../ech-laser_1h_d1.mtz
pdb_files: ["/data/visitors/micromax/20240701/20241015/dzabelsk/ech_prefin.pdb"]
# 
# ech_prefin.pdb        P 32 2 1     (83.50, 83.50, 90.26,  90, 90, 120.00)

[rwcontents]
start_time: 2026-05-29 12:41:00
input: end
prog: /sw/pkg/presto/e/14.1/software/CCP4/9.0.011-foss-2023a-SHELX-ARP-8.0/ccp4-9/bin/rwcontents
args: XYZIN ini.pdb
end_time: 2026-05-29 12:41:01
info: 6 x 35kDa (+ 3kDa het) in 545nm3, 53% solvent
stdout: 01-rwcontents.log
aa_count: 324
water_count: 186.48
volume: 545003.562
weight: 34881.77
total_weight: 38241.266
Vm: 2.6
solvent_percent: 52.69230769230769
num_mol: 6

[pointless]
start_time: 2026-05-29 12:41:01
input: TOLERANCE 5
  end
prog: /sw/pkg/presto/e/14.1/software/CCP4/9.0.011-foss-2023a-SHELX-ARP-8.0/ccp4-9/bin/pointless
args: HKLIN ../ech-laser_1h_d1.mtz HKLOUT reindexed.mtz XYZIN ini.pdb
end_time: 2026-05-29 12:41:02
info: resol. 1.83 A   #refl: 32533
stdout: 02-pointless.log
resol: 1.83
refl_ref: 32588
alt_reindex: [{"op": "[-h,-k,l]", "cc": 0.776, "cell_deviat": 0.06}, {"op": "[h,k,l]", "cc": 0.046, "cell_deviat": 0.06}]
output_cell: (83.43, 83.43, 90.21, 90.0, 90.0, 120.0)
refl_out: 32533
# 
#     [-h,-k,l]  CC: 0.776    cell diff: 0.1A
# 
#     [h,k,l]    CC: 0.046    cell diff: 0.1A
# 
# reindexed MTZ         P 32 2 1     (83.43, 83.43, 90.21,  90, 90, 120.00)

[truncate]
start_time: 2026-05-29 12:41:02
input: labin IMEAN=I SIGIMEAN=SIGI
  labout F=F SIGF=SIGF
  NOHARVEST
  end
prog: /sw/pkg/presto/e/14.1/software/CCP4/9.0.011-foss-2023a-SHELX-ARP-8.0/ccp4-9/bin/truncate
args: HKLIN reindexed.mtz HKLOUT amplit.mtz
end_time: 2026-05-29 12:41:02
info: B=42.0
stdout: 03-truncate.log
B-factor: 41.978
# 
# Rigid-body refinement with resolution 3.5 A, 10 cycles.
#  0.6 waters/aa.

[refmac5 rigid]
start_time: 2026-05-29 12:41:02
input: labin FP=F SIGFP=SIGF
  refinement type rigidbody resolution 15 3.5
  rigidbody ncycle 10
  end
prog: /sw/pkg/presto/e/14.1/software/CCP4/9.0.011-foss-2023a-SHELX-ARP-8.0/ccp4-9/bin/refmac5
args: HKLIN amplit.mtz HKLOUT refmacRB.mtz XYZIN ini.pdb XYZOUT refmacRB.pdb
end_time: 2026-05-29 12:41:08
info: 10/10   R  0.1939  ->  0.1893
stdout: 04-refmac5_rigid.log
ncyc: 10
cycle: 10
iter_overall_r: [0.1939, 0.19, 0.1894, 0.1893, 0.1894, 0.1893, 0.1893, 0.1894, 0.1893, 0.1893, 0.1893]
overall_r: 0.1893
ini_overall_r: 0.1939
# 
# No MR for R < 0.4.
# 
# Generate free-R flags
#  (repeatably)

[unique]
start_time: 2026-05-29 12:41:08
input: cell 83.5 83.5 90.26 90 90 120
  symmetry 'P 3 2 1'
  resolution 1.000
  labout F=F_UNIQUE SIGF=SIGF_UNIQUE
  end
prog: /sw/pkg/presto/e/14.1/software/CCP4/9.0.011-foss-2023a-SHELX-ARP-8.0/ccp4-9/bin/unique
args: HKLOUT unique.mtz
end_time: 2026-05-29 12:41:08
stdout: 05-unique.log

[freerflag]
start_time: 2026-05-29 12:41:08
input: end
prog: /sw/pkg/presto/e/14.1/software/CCP4/9.0.011-foss-2023a-SHELX-ARP-8.0/ccp4-9/bin/freerflag
args: HKLIN unique.mtz HKLOUT free.mtz
end_time: 2026-05-29 12:41:09
stdout: 06-freerflag.log

[cad]
start_time: 2026-05-29 12:41:09
input: labin file 1 E1=I E2=SIGI E3=F E4=SIGF
  labin file 2 E1=FreeR_flag
  sysab_keep
  reso overall 1000.0 1.82949
  end
prog: /sw/pkg/presto/e/14.1/software/CCP4/9.0.011-foss-2023a-SHELX-ARP-8.0/ccp4-9/bin/cad
args: HKLIN1 amplit.mtz HKLIN2 free.mtz HKLOUT prepared.mtz
end_time: 2026-05-29 12:41:10
info: #refl  32565 -> 32565
stdout: 07-cad.log
refl_in1: 32565
refl_out: 32565
# 
# Restrained refinement, 4+8 cycles.

[refmac5 jelly]
start_time: 2026-05-29 12:41:10
input: labin FP=F SIGFP=SIGF FREE=FreeR_flag
  make newligand continue
  refinement type restrained
  weight auto
  ridge distance sigma 0.01
  make hydrogen no
  ncycle 4
  end
prog: /sw/pkg/presto/e/14.1/software/CCP4/9.0.011-foss-2023a-SHELX-ARP-8.0/ccp4-9/bin/refmac5
args: HKLIN prepared.mtz HKLOUT jelly.mtz XYZIN refmacRB.pdb XYZOUT jelly.pdb
end_time: 2026-05-29 12:41:30
info:  4/4   R/Rfree  0.2179/0.2204  ->  0.1869/0.2116
stdout: 08-refmac5_jelly.log
ncyc: 4
cycle: 4
iter_overall_r: [0.2179, 0.2017, 0.1938, 0.1897, 0.1869]
overall_r: 0.1869
ini_overall_r: 0.2179
free_r: 0.2116
ini_free_r: 0.2204
iter_free_r: [0.2204, 0.2156, 0.2126, 0.2126, 0.2116]
rmsBOND: [0.016, 0.0112, 0.0105, 0.0102, 0.0101]
rmsANGL: [1.713, 1.689, 1.71, 1.73, 1.746]
rmsCHIRAL: [0.085, 0.089, 0.095, 0.101, 0.106]
# 
#     RMS:   bond 0.016 -> 0.010   angle 1.71 -> 1.75   chiral 0.09 -> 0.11

[refmac5 restr]
start_time: 2026-05-29 12:41:30
input: labin FP=F SIGFP=SIGF FREE=FreeR_flag
  make newligand continue
  refinement type restrained
  weight auto
  ncycle 8
  end
prog: /sw/pkg/presto/e/14.1/software/CCP4/9.0.011-foss-2023a-SHELX-ARP-8.0/ccp4-9/bin/refmac5
args: HKLIN prepared.mtz HKLOUT ech-laser_1h_d1_dimple.mtz XYZIN jelly.pdb XYZOUT ech-laser_1h_d1_dimple.pdb
end_time: 2026-05-29 12:42:06
info:  8/8   R/Rfree  0.1820/0.2082  ->  0.1714/0.2169
stdout: 09-refmac5_restr.log
ncyc: 8
cycle: 8
iter_overall_r: [0.182, 0.1771, 0.1741, 0.1729, 0.1722, 0.1716, 0.1713, 0.1714, 0.1714]
overall_r: 0.1714
ini_overall_r: 0.182
free_r: 0.2169
ini_free_r: 0.2082
iter_free_r: [0.2082, 0.2085, 0.2099, 0.2121, 0.2127, 0.2137, 0.2146, 0.2162, 0.2169]
rmsBOND: [0.0101, 0.0089, 0.009, 0.0088, 0.0087, 0.0086, 0.0085, 0.0084, 0.0084]
rmsANGL: [1.746, 1.655, 1.661, 1.672, 1.679, 1.685, 1.687, 1.688, 1.687]
rmsCHIRAL: [0.106, 0.095, 0.094, 0.093, 0.093, 0.092, 0.092, 0.092, 0.092]
# 
#     RMS:   bond 0.010 -> 0.008   angle 1.75 -> 1.69   chiral 0.11 -> 0.09

[find-blobs]
start_time: 2026-05-29 12:42:06
prog: /sw/pkg/presto/e/14.1/software/CCP4/9.0.011-foss-2023a-SHELX-ARP-8.0/ccp4-9/bin/find-blobs
args: -c -s0.8 ech-laser_1h_d1_dimple.mtz ech-laser_1h_d1_dimple.pdb
end_time: 2026-05-29 12:42:06
info: searching with cut-off: 0.164 e/A^3 (0.8 sigma)
stdout: 10-find-blobs.log
blobs: []
scores: []
density_info: Density std.dev: 0.205, cut-off: 0.164 e/A^3 (0.8 sigma)
center: (-22.08, 7.653, 1.066)
# 
# Unmodelled blobs not found.
# 
# To see it in Coot run /gpfs/offline1/visitors/micromax/20251850/20260513/dzabelsk/TR_ECH_comb/ech_laser_1h_1/dimple_processing/coot.sh
# 
