# workflow log (compatible with Python configparser)

[workflow]
host: offline-fe1
platform: Linux-4.18.0-553.58.1.el8_10.x86_64-x86_64-with-glibc2.28
cwd: /gpfs/offline1/visitors/micromax/20251850/20260513/dzabelsk/TR_ECH_comb/ech_laser_30min
prog: /sw/pkg/presto/e/14.1/software/CCP4/9.0.011-foss-2023a-SHELX-ARP-8.0/ccp4-9/lib/python3.9/site-packages/dimple/__main__.py
args:
 ech-laser_30min.mtz
 /data/visitors/micromax/20240701/20241015/dzabelsk/ech_prefin.pdb
 dimple_processing
 --hklout=ech-laser_30min_dimple.mtz
 --xyzout=ech-laser_30min_dimple.pdb
output_dir: dimple_processing
CCP4: /sw/pkg/presto/e/14.1/software/CCP4/9.0.011-foss-2023a-SHELX-ARP-8.0/ccp4-9
CCP4_SCR: /tmp
version: 2.6.2
#      ### Dimple v2.6.2. Problems and suggestions: ccp4.github.io/dimple ###
# 
# MTZ (1.8A)            P 3 2 1      (83.43, 83.43, 90.21,  90, 90, 120.00)
# 8007944a8271a45579405724ce46889a /data/visitors/micromax/20240701/20241015/dzabelsk/ech_prefin.pdb
data_file: ../ech-laser_30min.mtz
pdb_files: ["/data/visitors/micromax/20240701/20241015/dzabelsk/ech_prefin.pdb"]
# 
# ech_prefin.pdb        P 32 2 1     (83.50, 83.50, 90.26,  90, 90, 120.00)

[rwcontents]
start_time: 2026-05-29 12:48:07
input: end
prog: /sw/pkg/presto/e/14.1/software/CCP4/9.0.011-foss-2023a-SHELX-ARP-8.0/ccp4-9/bin/rwcontents
args: XYZIN ini.pdb
end_time: 2026-05-29 12:48:07
info: 6 x 35kDa (+ 3kDa het) in 545nm3, 53% solvent
stdout: 01-rwcontents.log
aa_count: 324
water_count: 186.48
volume: 545003.562
weight: 34881.77
total_weight: 38241.266
Vm: 2.6
solvent_percent: 52.69230769230769
num_mol: 6

[pointless]
start_time: 2026-05-29 12:48:07
input: TOLERANCE 5
  end
prog: /sw/pkg/presto/e/14.1/software/CCP4/9.0.011-foss-2023a-SHELX-ARP-8.0/ccp4-9/bin/pointless
args: HKLIN ../ech-laser_30min.mtz HKLOUT reindexed.mtz XYZIN ini.pdb
end_time: 2026-05-29 12:48:08
info: resol. 1.80 A   #refl: 34163
stdout: 02-pointless.log
resol: 1.8
refl_ref: 34236
alt_reindex: [{"op": "[-h,-k,l]", "cc": 0.776, "cell_deviat": 0.06}, {"op": "[h,k,l]", "cc": 0.044, "cell_deviat": 0.06}]
output_cell: (83.43, 83.43, 90.21, 90.0, 90.0, 120.0)
refl_out: 34163
# 
#     [-h,-k,l]  CC: 0.776    cell diff: 0.1A
# 
#     [h,k,l]    CC: 0.044    cell diff: 0.1A
# 
# reindexed MTZ         P 32 2 1     (83.43, 83.43, 90.21,  90, 90, 120.00)

[truncate]
start_time: 2026-05-29 12:48:08
input: labin IMEAN=I SIGIMEAN=SIGI
  labout F=F SIGF=SIGF
  NOHARVEST
  end
prog: /sw/pkg/presto/e/14.1/software/CCP4/9.0.011-foss-2023a-SHELX-ARP-8.0/ccp4-9/bin/truncate
args: HKLIN reindexed.mtz HKLOUT amplit.mtz
end_time: 2026-05-29 12:48:08
info: B=42.0
stdout: 03-truncate.log
B-factor: 41.968
# 
# Rigid-body refinement with resolution 3.5 A, 10 cycles.
#  0.6 waters/aa.

[refmac5 rigid]
start_time: 2026-05-29 12:48:08
input: labin FP=F SIGFP=SIGF
  refinement type rigidbody resolution 15 3.5
  rigidbody ncycle 10
  end
prog: /sw/pkg/presto/e/14.1/software/CCP4/9.0.011-foss-2023a-SHELX-ARP-8.0/ccp4-9/bin/refmac5
args: HKLIN amplit.mtz HKLOUT refmacRB.mtz XYZIN ini.pdb XYZOUT refmacRB.pdb
end_time: 2026-05-29 12:48:14
info: 10/10   R  0.1938  ->  0.1893
stdout: 04-refmac5_rigid.log
ncyc: 10
cycle: 10
iter_overall_r: [0.1938, 0.1905, 0.1897, 0.1895, 0.1894, 0.1895, 0.1895, 0.1893, 0.1894, 0.1894, 0.1893]
overall_r: 0.1893
ini_overall_r: 0.1938
# 
# No MR for R < 0.4.
# 
# Generate free-R flags
#  (repeatably)

[unique]
start_time: 2026-05-29 12:48:14
input: cell 83.5 83.5 90.26 90 90 120
  symmetry 'P 3 2 1'
  resolution 1.000
  labout F=F_UNIQUE SIGF=SIGF_UNIQUE
  end
prog: /sw/pkg/presto/e/14.1/software/CCP4/9.0.011-foss-2023a-SHELX-ARP-8.0/ccp4-9/bin/unique
args: HKLOUT unique.mtz
end_time: 2026-05-29 12:48:15
stdout: 05-unique.log

[freerflag]
start_time: 2026-05-29 12:48:15
input: end
prog: /sw/pkg/presto/e/14.1/software/CCP4/9.0.011-foss-2023a-SHELX-ARP-8.0/ccp4-9/bin/freerflag
args: HKLIN unique.mtz HKLOUT free.mtz
end_time: 2026-05-29 12:48:15
stdout: 06-freerflag.log

[cad]
start_time: 2026-05-29 12:48:15
input: labin file 1 E1=I E2=SIGI E3=F E4=SIGF
  labin file 2 E1=FreeR_flag
  sysab_keep
  reso overall 1000.0 1.79949
  end
prog: /sw/pkg/presto/e/14.1/software/CCP4/9.0.011-foss-2023a-SHELX-ARP-8.0/ccp4-9/bin/cad
args: HKLIN1 amplit.mtz HKLIN2 free.mtz HKLOUT prepared.mtz
end_time: 2026-05-29 12:48:16
info: #refl  34193 -> 34193
stdout: 07-cad.log
refl_in1: 34193
refl_out: 34193
# 
# Restrained refinement, 4+8 cycles.

[refmac5 jelly]
start_time: 2026-05-29 12:48:16
input: labin FP=F SIGFP=SIGF FREE=FreeR_flag
  make newligand continue
  refinement type restrained
  weight auto
  ridge distance sigma 0.01
  make hydrogen no
  ncycle 4
  end
prog: /sw/pkg/presto/e/14.1/software/CCP4/9.0.011-foss-2023a-SHELX-ARP-8.0/ccp4-9/bin/refmac5
args: HKLIN prepared.mtz HKLOUT jelly.mtz XYZIN refmacRB.pdb XYZOUT jelly.pdb
end_time: 2026-05-29 12:48:36
info:  4/4   R/Rfree  0.2186/0.2241  ->  0.1906/0.2176
stdout: 08-refmac5_jelly.log
ncyc: 4
cycle: 4
iter_overall_r: [0.2186, 0.2033, 0.1967, 0.1928, 0.1906]
overall_r: 0.1906
ini_overall_r: 0.2186
free_r: 0.2176
ini_free_r: 0.2241
iter_free_r: [0.2241, 0.2192, 0.2184, 0.2175, 0.2176]
rmsBOND: [0.016, 0.0113, 0.0107, 0.0104, 0.0103]
rmsANGL: [1.713, 1.684, 1.7, 1.714, 1.725]
rmsCHIRAL: [0.085, 0.089, 0.096, 0.101, 0.106]
# 
#     RMS:   bond 0.016 -> 0.010   angle 1.71 -> 1.73   chiral 0.09 -> 0.11

[refmac5 restr]
start_time: 2026-05-29 12:48:36
input: labin FP=F SIGFP=SIGF FREE=FreeR_flag
  make newligand continue
  refinement type restrained
  weight auto
  ncycle 8
  end
prog: /sw/pkg/presto/e/14.1/software/CCP4/9.0.011-foss-2023a-SHELX-ARP-8.0/ccp4-9/bin/refmac5
args: HKLIN prepared.mtz HKLOUT ech-laser_30min_dimple.mtz XYZIN jelly.pdb XYZOUT ech-laser_30min_dimple.pdb
end_time: 2026-05-29 12:49:12
info:  8/8   R/Rfree  0.1850/0.2137  ->  0.1760/0.2206
stdout: 09-refmac5_restr.log
ncyc: 8
cycle: 8
iter_overall_r: [0.185, 0.1809, 0.1789, 0.1778, 0.1771, 0.1763, 0.176, 0.1761, 0.176]
overall_r: 0.176
ini_overall_r: 0.185
free_r: 0.2206
ini_free_r: 0.2137
iter_free_r: [0.2137, 0.2146, 0.2159, 0.217, 0.2182, 0.2189, 0.2196, 0.2201, 0.2206]
rmsBOND: [0.0103, 0.0088, 0.0089, 0.0087, 0.0086, 0.0085, 0.0085, 0.0084, 0.0084]
rmsANGL: [1.725, 1.622, 1.623, 1.633, 1.641, 1.647, 1.649, 1.65, 1.652]
rmsCHIRAL: [0.106, 0.095, 0.093, 0.093, 0.092, 0.091, 0.091, 0.09, 0.09]
# 
#     RMS:   bond 0.010 -> 0.008   angle 1.73 -> 1.65   chiral 0.11 -> 0.09

[find-blobs]
start_time: 2026-05-29 12:49:12
prog: /sw/pkg/presto/e/14.1/software/CCP4/9.0.011-foss-2023a-SHELX-ARP-8.0/ccp4-9/bin/find-blobs
args: -c -s0.8 ech-laser_30min_dimple.mtz ech-laser_30min_dimple.pdb
end_time: 2026-05-29 12:49:13
info: searching with cut-off: 0.165 e/A^3 (0.8 sigma)
stdout: 10-find-blobs.log
blobs: []
scores: []
density_info: Density std.dev: 0.206, cut-off: 0.165 e/A^3 (0.8 sigma)
center: (-22.08, 7.655, 1.059)
# 
# Unmodelled blobs not found.
# 
# To see it in Coot run /gpfs/offline1/visitors/micromax/20251850/20260513/dzabelsk/TR_ECH_comb/ech_laser_30min/dimple_processing/coot.sh
# 
