=== check_hkl Completeness Statistics ===
Command: check_hkl ech-dark.hkl -p /data/visitors/micromax/20251850/20260513/dzabelsk/TR_ECH/cell_ech.cell --shell-file=ech-dark_completeness.dat --nshells=15 --highres=1.6
Using symmetry from reflection file: -3m1_H
Discarded 0 reflections (out of 101600) with I/sigma(I) < -inf
53230 reflections rejected because they were outside the resolution range.
1/d goes from 0.261359 to 6.249994 nm^-1
Overall values within specified resolution range:
107586788 measurements in total.
48370 reflections in total.
48368 reflections possible.
Overall <snr> = 10.386511
Overall redundancy = 2224.246186 measurements/unique reflection
Overall completeness = 100.004135 %
Resolution shell information written to ech-dark_completeness.dat.
----------------------------------------
=== compare_hkl Rsplit Statistics ===
Command: compare_hkl ech-dark.hkl1 ech-dark.hkl2 -p /data/visitors/micromax/20251850/20260513/dzabelsk/TR_ECH/cell_ech.cell --shell-file=ech-dark_Rsplit.dat --fom=Rsplit --nshells=15 --highres=1.6
Using symmetry from reflection files: -3m1_H
ech-dark.hkl1: 100803 reflections, resolution range 38.26 to 1.24 Angstroms (0.26136 to 8.06102 nm^-1).
ech-dark.hkl2: 100798 reflections, resolution range 38.26 to 1.24 Angstroms (0.26136 to 8.05833 nm^-1).
51941 reflection pairs rejected because either or both versions were outside the resolution range.
48370 reflection pairs accepted.
Accepted resolution range: 0.261359 to 6.249994 nm^-1 (38.26 to 1.60 Angstroms).
Fixed resolution range: 0.261359 to 6.250000 nm^-1 (38.26 to 1.60 Angstroms).
Relative scale factor = 0.987245, relative B factor = 0.168757 A^2
A scale factor greater than 1 means that the second reflection list is weaker than the first.
A positive relative B factor means that the second reflection list falls off with resolution more quickly than the first.
Overall Rsplit = 4.36 %
----------------------------------------
=== compare_hkl CChalf Statistics ===
Command: compare_hkl ech-dark.hkl1 ech-dark.hkl2 -p /data/visitors/micromax/20251850/20260513/dzabelsk/TR_ECH/cell_ech.cell --shell-file=ech-dark_CChalf.dat --fom=CC --nshells=15 --highres=1.6
Using symmetry from reflection files: -3m1_H
ech-dark.hkl1: 100803 reflections, resolution range 38.26 to 1.24 Angstroms (0.26136 to 8.06102 nm^-1).
ech-dark.hkl2: 100798 reflections, resolution range 38.26 to 1.24 Angstroms (0.26136 to 8.05833 nm^-1).
51941 reflection pairs rejected because either or both versions were outside the resolution range.
48370 reflection pairs accepted.
Accepted resolution range: 0.261359 to 6.249994 nm^-1 (38.26 to 1.60 Angstroms).
Fixed resolution range: 0.261359 to 6.250000 nm^-1 (38.26 to 1.60 Angstroms).
Relative scale factor = 0.987245, relative B factor = 0.168757 A^2
A scale factor greater than 1 means that the second reflection list is weaker than the first.
A positive relative B factor means that the second reflection list falls off with resolution more quickly than the first.
Overall CC = 0.9975922
----------------------------------------
=== compare_hkl CCstar Statistics ===
Command: compare_hkl ech-dark.hkl1 ech-dark.hkl2 -p /data/visitors/micromax/20251850/20260513/dzabelsk/TR_ECH/cell_ech.cell --shell-file=ech-dark_CCstar.dat --fom=CCstar --nshells=15 --highres=1.6
Using symmetry from reflection files: -3m1_H
ech-dark.hkl1: 100803 reflections, resolution range 38.26 to 1.24 Angstroms (0.26136 to 8.06102 nm^-1).
ech-dark.hkl2: 100798 reflections, resolution range 38.26 to 1.24 Angstroms (0.26136 to 8.05833 nm^-1).
51941 reflection pairs rejected because either or both versions were outside the resolution range.
48370 reflection pairs accepted.
Accepted resolution range: 0.261359 to 6.249994 nm^-1 (38.26 to 1.60 Angstroms).
Fixed resolution range: 0.261359 to 6.250000 nm^-1 (38.26 to 1.60 Angstroms).
Relative scale factor = 0.987245, relative B factor = 0.168757 A^2
A scale factor greater than 1 means that the second reflection list is weaker than the first.
A positive relative B factor means that the second reflection list falls off with resolution more quickly than the first.
Overall CC* = 0.9993971
----------------------------------------
=== get_hkl Conversion to MTZ ===
Command: get_hkl -i ech-dark.hkl -o ech-dark.mtz --output-format=mtz -p /data/visitors/micromax/20251850/20260513/dzabelsk/TR_ECH/cell_ech.cell --highres=1.6
----------------------------------------
